2026-03-01 09:04:45,220 [INFO] __main__: ============================================================
2026-03-01 09:04:45,220 [INFO] __main__:   Microsanj SanjINSIGHT  v1.0.0
2026-03-01 09:04:45,220 [INFO] __main__:   Build date: 2026-02-28
2026-03-01 09:04:45,220 [INFO] __main__:   Platform: darwin  |  Demo mode: True
2026-03-01 09:04:45,220 [INFO] __main__: ============================================================
2026-03-01 09:04:48,414 [INFO] hardware.hardware_service: HardwareService: starting in DEMO MODE (all simulated drivers)
2026-03-01 09:04:48,415 [WARNING] hardware.cameras.factory: Camera driver 'ni_imaqdx' is Windows-only (platform: darwin). Falling back to 'simulated'. Set  driver: simulated  in config.yaml to suppress this.
2026-03-01 09:04:48,428 [INFO] hardware.fpga.simulated: [SIM] FPGA open  (1000 Hz, duty 50%)
2026-03-01 09:04:48,429 [INFO] hardware.fpga.simulated: [SIM] FPGA started
2026-03-01 09:04:48,431 [INFO] hardware.stage.simulated: [SIM] Stage connected  (XY 1000μm/s, Z 100μm/s)
2026-03-01 09:04:48,431 [INFO] hardware.bias.simulated: [SIM] Bias source connected  (mode=voltage, level=0.0)
2026-03-01 09:04:48,434 [INFO] hardware.thermal_guard: ThermalGuard[0]: limits [-20.0°C, 85.0°C], warning margin ±5.0°C
2026-03-01 09:04:48,434 [INFO] hardware.thermal_guard: ThermalGuard[1]: limits [-20.0°C, 85.0°C], warning margin ±5.0°C
2026-03-01 09:04:48,477 [INFO] hardware.cameras.simulated: Simulated camera open (1920x1200 @ 30fps)
2026-03-01 09:04:48,478 [INFO] hardware.cameras.simulated: (No hardware required — synthetic frames)
2026-03-01 09:42:19,401 [INFO] __main__: ============================================================
2026-03-01 09:42:19,402 [INFO] __main__:   Microsanj SanjINSIGHT  v1.0.0
2026-03-01 09:42:19,402 [INFO] __main__:   Build date: 2026-02-28
2026-03-01 09:42:19,402 [INFO] __main__:   Platform: darwin  |  Demo mode: True
2026-03-01 09:42:19,402 [INFO] __main__: ============================================================
2026-03-01 09:42:19,964 [INFO] hardware.hardware_service: HardwareService: starting in DEMO MODE (all simulated drivers)
2026-03-01 09:42:19,965 [WARNING] hardware.cameras.factory: Camera driver 'ni_imaqdx' is Windows-only (platform: darwin). Falling back to 'simulated'. Set  driver: simulated  in config.yaml to suppress this.
2026-03-01 09:42:19,973 [INFO] hardware.fpga.simulated: [SIM] FPGA open  (1000 Hz, duty 50%)
2026-03-01 09:42:19,973 [INFO] hardware.bias.simulated: [SIM] Bias source connected  (mode=voltage, level=0.0)
2026-03-01 09:42:19,973 [INFO] hardware.fpga.simulated: [SIM] FPGA started
2026-03-01 09:42:19,974 [INFO] hardware.stage.simulated: [SIM] Stage connected  (XY 1000μm/s, Z 100μm/s)
2026-03-01 09:42:19,974 [INFO] hardware.thermal_guard: ThermalGuard[0]: limits [-20.0°C, 85.0°C], warning margin ±5.0°C
2026-03-01 09:42:19,974 [INFO] hardware.thermal_guard: ThermalGuard[1]: limits [-20.0°C, 85.0°C], warning margin ±5.0°C
2026-03-01 09:42:20,006 [INFO] hardware.cameras.simulated: Simulated camera open (1920x1200 @ 30fps)
2026-03-01 09:42:20,006 [INFO] hardware.cameras.simulated: (No hardware required — synthetic frames)
2026-03-01 09:43:17,478 [INFO] __main__: ============================================================
2026-03-01 09:43:17,478 [INFO] __main__:   Microsanj SanjINSIGHT  v1.0.0
2026-03-01 09:43:17,478 [INFO] __main__:   Build date: 2026-02-28
2026-03-01 09:43:17,478 [INFO] __main__:   Platform: darwin  |  Demo mode: True
2026-03-01 09:43:17,478 [INFO] __main__: ============================================================
2026-03-01 09:43:17,888 [INFO] hardware.hardware_service: HardwareService: starting in DEMO MODE (all simulated drivers)
2026-03-01 09:43:17,888 [WARNING] hardware.cameras.factory: Camera driver 'ni_imaqdx' is Windows-only (platform: darwin). Falling back to 'simulated'. Set  driver: simulated  in config.yaml to suppress this.
2026-03-01 09:43:17,892 [INFO] hardware.fpga.simulated: [SIM] FPGA open  (1000 Hz, duty 50%)
2026-03-01 09:43:17,892 [INFO] hardware.fpga.simulated: [SIM] FPGA started
2026-03-01 09:43:17,892 [INFO] hardware.stage.simulated: [SIM] Stage connected  (XY 1000μm/s, Z 100μm/s)
2026-03-01 09:43:17,893 [INFO] hardware.bias.simulated: [SIM] Bias source connected  (mode=voltage, level=0.0)
2026-03-01 09:43:17,893 [INFO] hardware.thermal_guard: ThermalGuard[0]: limits [-20.0°C, 85.0°C], warning margin ±5.0°C
2026-03-01 09:43:17,893 [INFO] hardware.thermal_guard: ThermalGuard[1]: limits [-20.0°C, 85.0°C], warning margin ±5.0°C
2026-03-01 09:44:24,363 [INFO] __main__: ============================================================
2026-03-01 09:44:24,364 [INFO] __main__:   Microsanj SanjINSIGHT  v1.0.0
2026-03-01 09:44:24,364 [INFO] __main__:   Build date: 2026-02-28
2026-03-01 09:44:24,364 [INFO] __main__:   Platform: darwin  |  Demo mode: True
2026-03-01 09:44:24,364 [INFO] __main__: ============================================================
2026-03-01 09:44:24,836 [INFO] hardware.hardware_service: HardwareService: starting in DEMO MODE (all simulated drivers)
2026-03-01 09:44:24,836 [WARNING] hardware.cameras.factory: Camera driver 'ni_imaqdx' is Windows-only (platform: darwin). Falling back to 'simulated'. Set  driver: simulated  in config.yaml to suppress this.
2026-03-01 09:44:24,841 [INFO] hardware.fpga.simulated: [SIM] FPGA open  (1000 Hz, duty 50%)
2026-03-01 09:44:24,841 [INFO] hardware.fpga.simulated: [SIM] FPGA started
2026-03-01 09:44:24,842 [INFO] hardware.bias.simulated: [SIM] Bias source connected  (mode=voltage, level=0.0)
2026-03-01 09:44:24,842 [INFO] hardware.stage.simulated: [SIM] Stage connected  (XY 1000μm/s, Z 100μm/s)
2026-03-01 09:44:24,842 [INFO] hardware.thermal_guard: ThermalGuard[0]: limits [-20.0°C, 85.0°C], warning margin ±5.0°C
2026-03-01 09:44:24,843 [INFO] hardware.thermal_guard: ThermalGuard[1]: limits [-20.0°C, 85.0°C], warning margin ±5.0°C
2026-03-01 09:44:24,874 [INFO] hardware.cameras.simulated: Simulated camera open (1920x1200 @ 30fps)
2026-03-01 09:44:24,874 [INFO] hardware.cameras.simulated: (No hardware required — synthetic frames)
2026-03-01 09:47:06,921 [INFO] __main__: ============================================================
2026-03-01 09:47:06,922 [INFO] __main__:   Microsanj SanjINSIGHT  v1.0.0
2026-03-01 09:47:06,922 [INFO] __main__:   Build date: 2026-02-28
2026-03-01 09:47:06,922 [INFO] __main__:   Platform: darwin  |  Demo mode: True
2026-03-01 09:47:06,922 [INFO] __main__: ============================================================
2026-03-01 09:47:07,379 [INFO] hardware.hardware_service: HardwareService: starting in DEMO MODE (all simulated drivers)
2026-03-01 09:47:07,379 [WARNING] hardware.cameras.factory: Camera driver 'ni_imaqdx' is Windows-only (platform: darwin). Falling back to 'simulated'. Set  driver: simulated  in config.yaml to suppress this.
2026-03-01 09:47:07,383 [INFO] hardware.fpga.simulated: [SIM] FPGA open  (1000 Hz, duty 50%)
2026-03-01 09:47:07,383 [INFO] hardware.fpga.simulated: [SIM] FPGA started
2026-03-01 09:47:07,384 [INFO] hardware.bias.simulated: [SIM] Bias source connected  (mode=voltage, level=0.0)
2026-03-01 09:47:07,385 [INFO] hardware.stage.simulated: [SIM] Stage connected  (XY 1000μm/s, Z 100μm/s)
2026-03-01 09:47:07,385 [INFO] hardware.thermal_guard: ThermalGuard[0]: limits [-20.0°C, 85.0°C], warning margin ±5.0°C
2026-03-01 09:47:07,385 [INFO] hardware.thermal_guard: ThermalGuard[1]: limits [-20.0°C, 85.0°C], warning margin ±5.0°C
2026-03-01 09:47:07,424 [INFO] hardware.cameras.simulated: Simulated camera open (1920x1200 @ 30fps)
2026-03-01 09:47:07,424 [INFO] hardware.cameras.simulated: (No hardware required — synthetic frames)
2026-03-01 14:16:21,775 [INFO] __main__: Shutdown requested
2026-03-01 14:16:21,777 [INFO] hardware.hardware_service: HardwareService: shutdown requested
2026-03-01 14:16:22,185 [INFO] hardware.hardware_service: HardwareService: TEC 0 disconnected
2026-03-01 14:16:22,185 [INFO] hardware.hardware_service: HardwareService: TEC 1 disconnected
2026-03-01 14:16:22,185 [INFO] hardware.hardware_service: HardwareService: stage closed
2026-03-01 14:16:22,185 [INFO] hardware.hardware_service: HardwareService: bias closed
2026-03-01 14:16:22,185 [INFO] hardware.hardware_service: HardwareService: fpga closed
2026-03-01 14:16:22,185 [INFO] hardware.hardware_service: HardwareService: shutdown complete
2026-03-01 14:16:22,186 [INFO] __main__: Shutdown complete
2026-03-01 14:16:39,916 [INFO] __main__: ============================================================
2026-03-01 14:16:39,916 [INFO] __main__:   Microsanj SanjINSIGHT  v1.0.0
2026-03-01 14:16:39,916 [INFO] __main__:   Build date: 2026-02-28
2026-03-01 14:16:39,916 [INFO] __main__:   Platform: darwin  |  Demo mode: True
2026-03-01 14:16:39,916 [INFO] __main__: ============================================================
2026-03-01 14:16:40,520 [INFO] hardware.hardware_service: HardwareService: starting in DEMO MODE (all simulated drivers)
2026-03-01 14:16:40,520 [WARNING] hardware.cameras.factory: Camera driver 'ni_imaqdx' is Windows-only (platform: darwin). Falling back to 'simulated'. Set  driver: simulated  in config.yaml to suppress this.
2026-03-01 14:16:40,525 [INFO] hardware.fpga.simulated: [SIM] FPGA open  (1000 Hz, duty 50%)
2026-03-01 14:16:40,525 [INFO] hardware.fpga.simulated: [SIM] FPGA started
2026-03-01 14:16:40,526 [INFO] hardware.bias.simulated: [SIM] Bias source connected  (mode=voltage, level=0.0)
2026-03-01 14:16:40,527 [INFO] hardware.stage.simulated: [SIM] Stage connected  (XY 1000μm/s, Z 100μm/s)
2026-03-01 14:16:40,528 [INFO] hardware.thermal_guard: ThermalGuard[1]: limits [-20.0°C, 85.0°C], warning margin ±5.0°C
2026-03-01 14:16:40,528 [INFO] hardware.thermal_guard: ThermalGuard[0]: limits [-20.0°C, 85.0°C], warning margin ±5.0°C
2026-03-01 14:16:40,604 [INFO] hardware.cameras.simulated: Simulated camera open (1920x1200 @ 30fps)
2026-03-01 14:16:40,605 [INFO] hardware.cameras.simulated: (No hardware required — synthetic frames)
2026-03-01 14:16:40,605 [INFO] hardware.hardware_service: [camera] Connected (attempt 1/0.08s)
